Build started 2015/04/06 4:19:08.
     1>Project "C:\Users\Frank\Documents\Visual Studio 2013\Projects\COPVending\COPVending\COPVending.vcxproj" on node 2 (Build target(s)).
     1>ClCompile:
         C:\Program Files (x86)\Microsoft Visual Studio 12.0\VC\bin\CL.exe /c /Zi /nologo /W3 /WX- /sdl /O2 /Oi /Oy- /GL /D WIN32 /D NDEBUG /D _CONSOLE /D _LIB /D _UNICODE /D UNICODE /Gm- /EHsc /MD /GS /Gy /fp:precise /Zc:wchar_t /Zc:forScope /Yc"stdafx.h" /Fp"Release\COPVending.pch" /Fo"Release\\" /Fd"Release\vc120.pdb" /Gd /TP /analyze- /errorReport:prompt stdafx.cpp
         stdafx.cpp
         C:\Program Files (x86)\Microsoft Visual Studio 12.0\VC\bin\CL.exe /c /Zi /nologo /W3 /WX- /sdl /O2 /Oi /Oy- /GL /D WIN32 /D NDEBUG /D _CONSOLE /D _LIB /D _UNICODE /D UNICODE /Gm- /EHsc /MD /GS /Gy /fp:precise /Zc:wchar_t /Zc:forScope /Yu"stdafx.h" /Fp"Release\COPVending.pch" /Fo"Release\\" /Fd"Release\vc120.pdb" /Gd /TP /analyze- /errorReport:prompt COPVending.cpp Drink.cpp Vending.cpp
         COPVending.cpp
         Drink.cpp
         Vending.cpp
     1>Vending.cpp(222): warning C4018: '<' : signed/unsigned mismatch
     1>Vending.cpp(233): warning C4018: '<=' : signed/unsigned mismatch
     1>Vending.cpp(336): warning C4018: '<' : signed/unsigned mismatch
     1>Vending.cpp(377): warning C4018: '<' : signed/unsigned mismatch
     1>Vending.cpp(382): warning C4018: '>' : signed/unsigned mismatch
     1>Vending.cpp(405): warning C4018: '<=' : signed/unsigned mismatch
     1>Vending.cpp(423): warning C4018: '<' : signed/unsigned mismatch
     1>Vending.cpp(429): warning C4018: '>' : signed/unsigned mismatch
     1>Vending.cpp(465): warning C4018: '<=' : signed/unsigned mismatch
     1>Vending.cpp(529): warning C4244: 'argument' : conversion from 'time_t' to 'unsigned int', possible loss of data
       Link:
         C:\Program Files (x86)\Microsoft Visual Studio 12.0\VC\bin\link.exe /ERRORREPORT:PROMPT /OUT:"C:\Users\Frank\Documents\Visual Studio 2013\Projects\COPVending\Release\COPVending.exe" /INCREMENTAL:NO /NOLOGO kernel32.lib user32.lib gdi32.lib winspool.lib comdlg32.lib advapi32.lib shell32.lib ole32.lib oleaut32.lib uuid.lib odbc32.lib odbccp32.lib /MANIFEST /MANIFESTUAC:"level='asInvoker' uiAccess='false'" /manifest:embed /DEBUG /PDB:"C:\Users\Frank\Documents\Visual Studio 2013\Projects\COPVending\Release\COPVending.pdb" /SUBSYSTEM:CONSOLE /OPT:REF /OPT:ICF /LTCG /TLBID:1 /DYNAMICBASE /NXCOMPAT /IMPLIB:"C:\Users\Frank\Documents\Visual Studio 2013\Projects\COPVending\Release\COPVending.lib" /MACHINE:X86 /SAFESEH Release\COPVending.obj
         Release\Drink.obj
         Release\stdafx.obj
         Release\Vending.obj
         Generating code
         Finished generating code
         COPVending.vcxproj -> C:\Users\Frank\Documents\Visual Studio 2013\Projects\COPVending\Release\COPVending.exe
     1>Done Building Project "C:\Users\Frank\Documents\Visual Studio 2013\Projects\COPVending\COPVending\COPVending.vcxproj" (Build target(s)).

Build succeeded.

Time Elapsed 00:00:02.86
