Build started 2015/04/06 4:16:35.
     1>Project "C:\Users\Frank\Documents\Visual Studio 2013\Projects\COPVending\COPVending\COPVending.vcxproj" on node 2 (Build target(s)).
     1>ClCompile:
         C:\Program Files (x86)\Microsoft Visual Studio 12.0\VC\bin\CL.exe /c /ZI /nologo /W3 /WX- /sdl /Od /Oy- /D WIN32 /D _DEBUG /D _CONSOLE /D _LIB /D _UNICODE /D UNICODE /Gm /EHsc /RTC1 /MDd /GS /fp:precise /Zc:wchar_t /Zc:forScope /Yu"stdafx.h" /Fp"Debug\COPVending.pch" /Fo"Debug\\" /Fd"Debug\vc120.pdb" /Gd /TP /analyze- /errorReport:prompt Vending.cpp
         Vending.cpp
     1>c:\users\frank\documents\visual studio 2013\projects\copvending\copvending\vending.cpp(222): warning C4018: '<' : signed/unsigned mismatch
     1>c:\users\frank\documents\visual studio 2013\projects\copvending\copvending\vending.cpp(233): warning C4018: '<=' : signed/unsigned mismatch
     1>c:\users\frank\documents\visual studio 2013\projects\copvending\copvending\vending.cpp(333): warning C4018: '<' : signed/unsigned mismatch
     1>c:\users\frank\documents\visual studio 2013\projects\copvending\copvending\vending.cpp(374): warning C4018: '<' : signed/unsigned mismatch
     1>c:\users\frank\documents\visual studio 2013\projects\copvending\copvending\vending.cpp(379): warning C4018: '>' : signed/unsigned mismatch
     1>c:\users\frank\documents\visual studio 2013\projects\copvending\copvending\vending.cpp(402): warning C4018: '<=' : signed/unsigned mismatch
     1>c:\users\frank\documents\visual studio 2013\projects\copvending\copvending\vending.cpp(420): warning C4018: '<' : signed/unsigned mismatch
     1>c:\users\frank\documents\visual studio 2013\projects\copvending\copvending\vending.cpp(426): warning C4018: '>' : signed/unsigned mismatch
     1>c:\users\frank\documents\visual studio 2013\projects\copvending\copvending\vending.cpp(462): warning C4018: '<=' : signed/unsigned mismatch
     1>c:\users\frank\documents\visual studio 2013\projects\copvending\copvending\vending.cpp(526): warning C4244: 'argument' : conversion from 'time_t' to 'unsigned int', possible loss of data
       Link:
         C:\Program Files (x86)\Microsoft Visual Studio 12.0\VC\bin\link.exe /ERRORREPORT:PROMPT /OUT:"C:\Users\Frank\Documents\Visual Studio 2013\Projects\COPVending\Debug\COPVending.exe" /INCREMENTAL /NOLOGO kernel32.lib user32.lib gdi32.lib winspool.lib comdlg32.lib advapi32.lib shell32.lib ole32.lib oleaut32.lib uuid.lib odbc32.lib odbccp32.lib /MANIFEST /MANIFESTUAC:"level='asInvoker' uiAccess='false'" /manifest:embed /DEBUG /PDB:"C:\Users\Frank\Documents\Visual Studio 2013\Projects\COPVending\Debug\COPVending.pdb" /SUBSYSTEM:CONSOLE /TLBID:1 /DYNAMICBASE /NXCOMPAT /IMPLIB:"C:\Users\Frank\Documents\Visual Studio 2013\Projects\COPVending\Debug\COPVending.lib" /MACHINE:X86 Debug\COPVending.obj
         Debug\Drink.obj
         Debug\stdafx.obj
         Debug\Vending.obj
         COPVending.vcxproj -> C:\Users\Frank\Documents\Visual Studio 2013\Projects\COPVending\Debug\COPVending.exe
     1>Done Building Project "C:\Users\Frank\Documents\Visual Studio 2013\Projects\COPVending\COPVending\COPVending.vcxproj" (Build target(s)).

Build succeeded.

Time Elapsed 00:00:01.00
